d:\projects\c++\kmint2\framework\sdlframework\sdlframework\debug\vc120.pdb
d:\projects\c++\kmint2\framework\sdlframework\sdlframework\debug\vc120.idb
d:\projects\c++\kmint2\framework\sdlframework\sdlframework\debug\algoritmeweek1.obj
d:\projects\c++\kmint2\framework\sdlframework\sdlframework\debug\finddrugsstate.obj
d:\projects\c++\kmint2\framework\sdlframework\sdlframework\debug\haasje.obj
d:\projects\c++\kmint2\framework\sdlframework\sdlframework\debug\huntstate.obj
d:\projects\c++\kmint2\framework\sdlframework\sdlframework\debug\koetje.obj
d:\projects\c++\kmint2\framework\sdlframework\sdlframework\debug\nodemap.obj
d:\projects\c++\kmint2\framework\sdlframework\sdlframework\debug\wanderingstate.obj
d:\projects\c++\kmint2\framework\sdlframework\sdlframework\debug\sleepstate.obj
d:\projects\c++\kmint2\framework\sdlframework\sdlframework\debug\statefactory.obj
d:\projects\c++\kmint2\framework\sdlframework\sdlframework\debug\basestate.obj
d:\projects\c++\kmint2\framework\sdlframework\sdlframework\debug\findbootstate.obj
d:\projects\c++\kmint2\framework\sdlframework\sdlframework\debug\main.obj
d:\projects\c++\kmint2\framework\sdlframework\sdlframework\debug\node.obj
d:\projects\c++\kmintv3\framework\sdlframework\sdlframework\debug\vc120.pdb
d:\projects\c++\kmintv3\framework\sdlframework\sdlframework\debug\vc120.idb
d:\projects\c++\kmintv3\framework\sdlframework\sdlframework\debug\cowentity.obj
d:\projects\c++\kmintv3\framework\sdlframework\sdlframework\debug\fwapplication.obj
d:\projects\c++\kmintv3\framework\sdlframework\sdlframework\debug\main.obj
d:\projects\c++\kmintv3\framework\sdlframework\sdlframework\debug\movingentity.obj
d:\projects\c++\kmintv3\framework\sdlframework\sdlframework\debug\rabbitentity.obj
d:\projects\c++\kmintv3\framework\sdlframework\sdlframework\debug\steeringbehaviors.obj
d:\projects\c++\kmintv3\framework\sdlframework\sdlframework\debug\gameworld.obj
d:\projects\c++\kmint2\framework\sdlframework\debug\sdlframework.ilk
d:\projects\c++\kmint2\framework\sdlframework\debug\sdlframework.exe
d:\projects\c++\kmint2\framework\sdlframework\debug\sdlframework.pdb
d:\projects\c++\kmintv3\framework\sdlframework\debug\sdlframework.ilk
d:\projects\c++\kmintv3\framework\sdlframework\debug\sdlframework.exe
d:\projects\c++\kmintv3\framework\sdlframework\debug\sdlframework.pdb
d:\projects\c++\kmintv3\framework\sdlframework\sdlframework\debug\algoritmeweek1.obj
d:\projects\c++\kmintv3\framework\sdlframework\sdlframework\debug\basestate.obj
d:\projects\c++\kmintv3\framework\sdlframework\sdlframework\debug\beestje.obj
d:\projects\c++\kmintv3\framework\sdlframework\sdlframework\debug\edge.obj
d:\projects\c++\kmintv3\framework\sdlframework\sdlframework\debug\findbootstate.obj
d:\projects\c++\kmintv3\framework\sdlframework\sdlframework\debug\finddrugsstate.obj
d:\projects\c++\kmintv3\framework\sdlframework\sdlframework\debug\haasje.obj
d:\projects\c++\kmintv3\framework\sdlframework\sdlframework\debug\huntstate.obj
d:\projects\c++\kmintv3\framework\sdlframework\sdlframework\debug\koetje.obj
d:\projects\c++\kmintv3\framework\sdlframework\sdlframework\debug\node.obj
d:\projects\c++\kmintv3\framework\sdlframework\sdlframework\debug\nodemap.obj
d:\projects\c++\kmintv3\framework\sdlframework\sdlframework\debug\sleepstate.obj
d:\projects\c++\kmintv3\framework\sdlframework\sdlframework\debug\statefactory.obj
d:\projects\c++\kmintv3\framework\sdlframework\sdlframework\debug\staticrandom.obj
d:\projects\c++\kmintv3\framework\sdlframework\sdlframework\debug\wanderingstate.obj
d:\projects\c++\kmintv3\framework\sdlframework\sdlframework\debug\sdlframework.tlog\cl.command.1.tlog
d:\projects\c++\kmintv3\framework\sdlframework\sdlframework\debug\sdlframework.tlog\cl.read.1.tlog
d:\projects\c++\kmintv3\framework\sdlframework\sdlframework\debug\sdlframework.tlog\cl.write.1.tlog
d:\projects\c++\kmintv3\framework\sdlframework\sdlframework\debug\sdlframework.tlog\link.command.1.tlog
d:\projects\c++\kmintv3\framework\sdlframework\sdlframework\debug\sdlframework.tlog\link.read.1.tlog
d:\projects\c++\kmintv3\framework\sdlframework\sdlframework\debug\sdlframework.tlog\link.write.1.tlog
